<?xml version="1.0" encoding="UTF-8"?>
<robot generator="Robot 5.0.1 (Python 3.8.10 on linux)" generated="20220923 09:08:07.878" rpa="false" schemaversion="3">
<suite id="s1" name="Task5" source="/home/umairatul/RF_QA/task5.robot">
<test id="s1-t1" name="Task5" line="50">
<kw name="Open Deriv page">
<kw name="Open Browser" library="SeleniumLibrary">
<arg>https://app.deriv.com/</arg>
<arg>chrome</arg>
<doc>Opens a new browser instance to the optional ``url``.</doc>
<msg timestamp="20220923 09:08:07.971" level="INFO">Opening browser 'chrome' to base url 'https://app.deriv.com/'.</msg>
<status status="PASS" starttime="20220923 09:08:07.971" endtime="20220923 09:08:10.938"/>
</kw>
<kw name="Maximize Browser Window" library="SeleniumLibrary">
<doc>Maximizes current browser window.</doc>
<status status="PASS" starttime="20220923 09:08:10.938" endtime="20220923 09:08:11.047"/>
</kw>
<kw name="Wait Until Page Contains Element" library="SeleniumLibrary">
<arg>${rise_button}</arg>
<arg>30</arg>
<doc>Waits until the element ``locator`` appears on the current page.</doc>
<status status="PASS" starttime="20220923 09:08:11.048" endtime="20220923 09:08:13.495"/>
</kw>
<kw name="Click Element" library="SeleniumLibrary">
<arg>dt_login_button</arg>
<doc>Click the element identified by ``locator``.</doc>
<msg timestamp="20220923 09:08:13.496" level="INFO">Clicking element 'dt_login_button'.</msg>
<status status="PASS" starttime="20220923 09:08:13.495" endtime="20220923 09:08:16.065"/>
</kw>
<kw name="Wait Until Page Contains Element" library="SeleniumLibrary">
<arg>//input[@type='email']</arg>
<arg>10</arg>
<doc>Waits until the element ``locator`` appears on the current page.</doc>
<status status="PASS" starttime="20220923 09:08:16.065" endtime="20220923 09:08:16.078"/>
</kw>
<status status="PASS" starttime="20220923 09:08:07.971" endtime="20220923 09:08:16.079"/>
</kw>
<kw name="Login to Deriv">
<kw name="Input Text" library="SeleniumLibrary">
<arg>//input[@type='email']</arg>
<arg>umairatul@besquare.com.my</arg>
<doc>Types the given ``text`` into the text field identified by ``locator``.</doc>
<msg timestamp="20220923 09:08:16.079" level="INFO">Typing text 'umairatul@besquare.com.my' into text field '//input[@type='email']'.</msg>
<status status="PASS" starttime="20220923 09:08:16.079" endtime="20220923 09:08:16.153"/>
</kw>
<kw name="Input Text" library="SeleniumLibrary">
<arg>//input[@type='password']</arg>
<arg>Umairatul2020#</arg>
<doc>Types the given ``text`` into the text field identified by ``locator``.</doc>
<msg timestamp="20220923 09:08:16.154" level="INFO">Typing text 'Umairatul2020#' into text field '//input[@type='password']'.</msg>
<status status="PASS" starttime="20220923 09:08:16.153" endtime="20220923 09:08:16.218"/>
</kw>
<kw name="Click Element" library="SeleniumLibrary">
<arg>//button[@type='submit']</arg>
<doc>Click the element identified by ``locator``.</doc>
<msg timestamp="20220923 09:08:16.219" level="INFO">Clicking element '//button[@type='submit']'.</msg>
<status status="PASS" starttime="20220923 09:08:16.219" endtime="20220923 09:08:19.231"/>
</kw>
<status status="PASS" starttime="20220923 09:08:16.079" endtime="20220923 09:08:19.231"/>
</kw>
<kw name="Virtual">
<kw name="Wait Until Page Contains Element" library="SeleniumLibrary">
<arg>${rise_button}</arg>
<arg>30</arg>
<doc>Waits until the element ``locator`` appears on the current page.</doc>
<status status="PASS" starttime="20220923 09:08:19.232" endtime="20220923 09:08:20.615"/>
</kw>
<kw name="Click Element" library="SeleniumLibrary">
<arg>dt_core_account-info_acc-info</arg>
<doc>Click the element identified by ``locator``.</doc>
<msg timestamp="20220923 09:08:20.616" level="INFO">Clicking element 'dt_core_account-info_acc-info'.</msg>
<status status="PASS" starttime="20220923 09:08:20.615" endtime="20220923 09:08:21.445"/>
</kw>
<kw name="Click Element" library="SeleniumLibrary">
<arg>dt_core_account-switcher_demo-tab</arg>
<doc>Click the element identified by ``locator``.</doc>
<msg timestamp="20220923 09:08:21.446" level="INFO">Clicking element 'dt_core_account-switcher_demo-tab'.</msg>
<status status="PASS" starttime="20220923 09:08:21.445" endtime="20220923 09:08:21.755"/>
</kw>
<kw name="Click Element" library="SeleniumLibrary">
<arg>dt_VRTC6202252</arg>
<doc>Click the element identified by ``locator``.</doc>
<msg timestamp="20220923 09:08:21.756" level="INFO">Clicking element 'dt_VRTC6202252'.</msg>
<status status="PASS" starttime="20220923 09:08:21.755" endtime="20220923 09:08:22.065"/>
</kw>
<kw name="Wait Until Page Contains Element" library="SeleniumLibrary">
<arg>${rise_button}</arg>
<arg>30</arg>
<doc>Waits until the element ``locator`` appears on the current page.</doc>
<status status="PASS" starttime="20220923 09:08:22.065" endtime="20220923 09:08:26.290"/>
</kw>
<status status="PASS" starttime="20220923 09:08:19.231" endtime="20220923 09:08:26.290"/>
</kw>
<kw name="Choose Market">
<kw name="Wait Until Page Contains Element" library="SeleniumLibrary">
<arg>//div[@class='cq-symbol-select-btn']</arg>
<arg>30</arg>
<doc>Waits until the element ``locator`` appears on the current page.</doc>
<status status="PASS" starttime="20220923 09:08:26.291" endtime="20220923 09:08:26.307"/>
</kw>
<kw name="Click Element" library="SeleniumLibrary">
<arg>//div[@class='cq-symbol-select-btn']</arg>
<doc>Click the element identified by ``locator``.</doc>
<msg timestamp="20220923 09:08:26.307" level="INFO">Clicking element '//div[@class='cq-symbol-select-btn']'.</msg>
<status status="PASS" starttime="20220923 09:08:26.307" endtime="20220923 09:08:26.443"/>
</kw>
<kw name="Wait Until Page Contains Element" library="SeleniumLibrary">
<arg>//div[@class='sc-mcd__filter__item sc-mcd__filter__item--selected']</arg>
<arg>30</arg>
<doc>Waits until the element ``locator`` appears on the current page.</doc>
<status status="PASS" starttime="20220923 09:08:26.443" endtime="20220923 09:08:26.681"/>
</kw>
<kw name="Wait Until Page Contains Element" library="SeleniumLibrary">
<arg>//div[@class='sc-mcd__item sc-mcd__item--R_50 ']</arg>
<arg>30</arg>
<doc>Waits until the element ``locator`` appears on the current page.</doc>
<status status="PASS" starttime="20220923 09:08:26.682" endtime="20220923 09:08:26.696"/>
</kw>
<kw name="Click Element" library="SeleniumLibrary">
<arg>//div[@class='sc-mcd__item__name' and contains(.,'Volatility 50 Index')]</arg>
<doc>Click the element identified by ``locator``.</doc>
<msg timestamp="20220923 09:08:26.697" level="INFO">Clicking element '//div[@class='sc-mcd__item__name' and contains(.,'Volatility 50 Index')]'.</msg>
<msg timestamp="20220923 09:08:27.049" level="INFO" html="true">&lt;/td&gt;&lt;/tr&gt;&lt;tr&gt;&lt;td colspan="3"&gt;&lt;a href="selenium-screenshot-11.png"&gt;&lt;img src="selenium-screenshot-11.png" width="800px"&gt;&lt;/a&gt;</msg>
<msg timestamp="20220923 09:08:27.050" level="FAIL">StaleElementReferenceException: Message: stale element reference: element is not attached to the page document
  (Session info: chrome=104.0.5112.101)
Stacktrace:
#0 0x556a27be5403 &lt;unknown&gt;
#1 0x556a279eb778 &lt;unknown&gt;
#2 0x556a279ee617 &lt;unknown&gt;
#3 0x556a279ee4c4 &lt;unknown&gt;
#4 0x556a279ee77c &lt;unknown&gt;
#5 0x556a27a248ca &lt;unknown&gt;
#6 0x556a27a17d46 &lt;unknown&gt;
#7 0x556a27a40a02 &lt;unknown&gt;
#8 0x556a27a17703 &lt;unknown&gt;
#9 0x556a27a40b0e &lt;unknown&gt;
#10 0x556a27a53c74 &lt;unknown&gt;
#11 0x556a27a408f3 &lt;unknown&gt;
#12 0x556a27a160d8 &lt;unknown&gt;
#13 0x556a27a17205 &lt;unknown&gt;
#14 0x556a27c2ce3d &lt;unknown&gt;
#15 0x556a27c2fdb6 &lt;unknown&gt;
#16 0x556a27c1613e &lt;unknown&gt;
#17 0x556a27c309b5 &lt;unknown&gt;
#18 0x556a27c0a970 &lt;unknown&gt;
#19 0x556a27c4d228 &lt;unknown&gt;
#20 0x556a27c4d3bf &lt;unknown&gt;
#21 0x556a27c67abe &lt;unknown&gt;
#22 0x7f7ba6377609 &lt;unknown&gt;
</msg>
<status status="FAIL" starttime="20220923 09:08:26.697" endtime="20220923 09:08:27.051"/>
</kw>
<kw name="Wait Until Page Contains Element" library="SeleniumLibrary">
<arg>${rise_button}</arg>
<arg>30</arg>
<doc>Waits until the element ``locator`` appears on the current page.</doc>
<status status="NOT RUN" starttime="20220923 09:08:27.051" endtime="20220923 09:08:27.051"/>
</kw>
<status status="FAIL" starttime="20220923 09:08:26.290" endtime="20220923 09:08:27.052"/>
</kw>
<kw name="Trade Types">
<status status="NOT RUN" starttime="20220923 09:08:27.052" endtime="20220923 09:08:27.052"/>
</kw>
<kw name="Validate Payout None">
<status status="NOT RUN" starttime="20220923 09:08:27.052" endtime="20220923 09:08:27.052"/>
</kw>
<status status="FAIL" starttime="20220923 09:08:07.970" endtime="20220923 09:08:27.053">StaleElementReferenceException: Message: stale element reference: element is not attached to the page document
  (Session info: chrome=104.0.5112.101)
Stacktrace:
#0 0x556a27be5403 &lt;unknown&gt;
#1 0x556a279eb778 &lt;unknown&gt;
#2 0x556a279ee617 &lt;unknown&gt;
#3 0x556a279ee4c4 &lt;unknown&gt;
#4 0x556a279ee77c &lt;unknown&gt;
#5 0x556a27a248ca &lt;unknown&gt;
#6 0x556a27a17d46 &lt;unknown&gt;
#7 0x556a27a40a02 &lt;unknown&gt;
#8 0x556a27a17703 &lt;unknown&gt;
#9 0x556a27a40b0e &lt;unknown&gt;
#10 0x556a27a53c74 &lt;unknown&gt;
#11 0x556a27a408f3 &lt;unknown&gt;
#12 0x556a27a160d8 &lt;unknown&gt;
#13 0x556a27a17205 &lt;unknown&gt;
#14 0x556a27c2ce3d &lt;unknown&gt;
#15 0x556a27c2fdb6 &lt;unknown&gt;
#16 0x556a27c1613e &lt;unknown&gt;
#17 0x556a27c309b5 &lt;unknown&gt;
#18 0x556a27c0a970 &lt;unknown&gt;
#19 0x556a27c4d228 &lt;unknown&gt;
#20 0x556a27c4d3bf &lt;unknown&gt;
#21 0x556a27c67abe &lt;unknown&gt;
#22 0x7f7ba6377609 &lt;unknown&gt;
</status>
</test>
<status status="FAIL" starttime="20220923 09:08:07.879" endtime="20220923 09:08:27.054"/>
</suite>
<statistics>
<total>
<stat pass="0" fail="1" skip="0">All Tests</stat>
</total>
<tag>
</tag>
<suite>
<stat pass="0" fail="1" skip="0" id="s1" name="Task5">Task5</stat>
</suite>
</statistics>
<errors>
</errors>
</robot>
